2017-12-28 17:39:01 [127.0.0.1][-][boggpbm63ok28o0c7gp4vmttu3][error][yii\base\ErrorException:8] yii\base\ErrorException: Uninitialized string offset: 0 in /var/www/html/GestionStock/vendor/yiisoft/yii2/web/Request.php:726
Stack trace:
#0 /var/www/html/GestionStock/vendor/yiisoft/yii2/web/Request.php(726): yii\base\ErrorHandler->handleError(8, 'Uninitialized s...', '/var/www/html/G...', 726, Array)
#1 /var/www/html/GestionStock/vendor/yiisoft/yii2/web/Request.php(664): yii\web\Request->resolvePathInfo()
#2 /var/www/html/GestionStock/vendor/yiisoft/yii2/web/UrlManager.php(231): yii\web\Request->getPathInfo()
#3 /var/www/html/GestionStock/vendor/yiisoft/yii2/web/Request.php(180): yii\web\UrlManager->parseRequest(Object(yii\web\Request))
#4 /var/www/html/GestionStock/vendor/yiisoft/yii2/web/Application.php(75): yii\web\Request->resolve()
#5 /var/www/html/GestionStock/vendor/yiisoft/yii2/base/Application.php(375): yii\web\Application->handleRequest(Object(yii\web\Request))
#6 /var/www/html/GestionStock/frontend/web/index.php(18): yii\base\Application->run()
#7 {main}
2017-12-28 17:39:01 [127.0.0.1][-][boggpbm63ok28o0c7gp4vmttu3][info][application] $_COOKIE = [
    'PHPSESSID' => 'boggpbm63ok28o0c7gp4vmttu3'
    '_csrf' => '778155487b5f238962a21525e7ce194da2556f3ae1ccde5ba488d93c602b9222a:2:{i:0;s:5:\"_csrf\";i:1;s:32:\"GJYpi8Wuni_aiLbCOJxdo0Vr4VbEj3Gl\";}'
    '_identity' => '4af20f7184fe75df1d484dc862b5f917f312769050b7a00fa64d2d68da936b8da:2:{i:0;s:9:\"_identity\";i:1;s:46:\"[1,\"HvGxeeGtLOoFgeCwYVvJn_l7CPoRKyGS\",2592000]\";}'
    'advanced-frontend' => '37n8oue3a2oi5s6u3naood1n27'
    '_csrf-frontend' => 'aef2fe2a7868aa4e58dd2d7121ab91de84f6324ffedc95ec655266a0eeafe900a:2:{i:0;s:14:\"_csrf-frontend\";i:1;s:32:\"JCZ5cXIWBYkBz-O0QOPrNwCBe_9DPCCi\";}'
]

$_SESSION = [
    '__flash' => []
    '__id' => 1
]

$_SERVER = [
    'HTTP_HOST' => 'localhost'
    'HTTP_USER_AGENT' => 'Mozilla/5.0 (X11; Ubuntu; Linux x86_64; rv:50.0) Gecko/20100101 Firefox/50.0'
    'HTTP_ACCEPT' => 'text/html,application/xhtml+xml,application/xml;q=0.9,*/*;q=0.8'
    'HTTP_ACCEPT_LANGUAGE' => 'en-US,en;q=0.5'
    'HTTP_ACCEPT_ENCODING' => 'gzip, deflate'
    'HTTP_COOKIE' => 'PHPSESSID=boggpbm63ok28o0c7gp4vmttu3; _csrf=778155487b5f238962a21525e7ce194da2556f3ae1ccde5ba488d93c602b9222a%3A2%3A%7Bi%3A0%3Bs%3A5%3A%22_csrf%22%3Bi%3A1%3Bs%3A32%3A%22GJYpi8Wuni_aiLbCOJxdo0Vr4VbEj3Gl%22%3B%7D; _identity=4af20f7184fe75df1d484dc862b5f917f312769050b7a00fa64d2d68da936b8da%3A2%3A%7Bi%3A0%3Bs%3A9%3A%22_identity%22%3Bi%3A1%3Bs%3A46%3A%22%5B1%2C%22HvGxeeGtLOoFgeCwYVvJn_l7CPoRKyGS%22%2C2592000%5D%22%3B%7D; advanced-frontend=37n8oue3a2oi5s6u3naood1n27; _csrf-frontend=aef2fe2a7868aa4e58dd2d7121ab91de84f6324ffedc95ec655266a0eeafe900a%3A2%3A%7Bi%3A0%3Bs%3A14%3A%22_csrf-frontend%22%3Bi%3A1%3Bs%3A32%3A%22JCZ5cXIWBYkBz-O0QOPrNwCBe_9DPCCi%22%3B%7D'
    'HTTP_CONNECTION' => 'keep-alive'
    'HTTP_UPGRADE_INSECURE_REQUESTS' => '1'
    'PATH' => '/usr/local/sbin:/usr/local/bin:/usr/sbin:/usr/bin:/sbin:/bin'
    'SERVER_SIGNATURE' => '<address>Apache/2.4.25 (Ubuntu) Server at localhost Port 80</address>
'
    'SERVER_SOFTWARE' => 'Apache/2.4.25 (Ubuntu)'
    'SERVER_NAME' => 'localhost'
    'SERVER_ADDR' => '127.0.0.1'
    'SERVER_PORT' => '80'
    'REMOTE_ADDR' => '127.0.0.1'
    'DOCUMENT_ROOT' => '/var/www/html'
    'REQUEST_SCHEME' => 'http'
    'CONTEXT_PREFIX' => ''
    'CONTEXT_DOCUMENT_ROOT' => '/var/www/html'
    'SERVER_ADMIN' => 'webmaster@localhost'
    'SCRIPT_FILENAME' => '/var/www/html/GestionStock/frontend/web/index.php'
    'REMOTE_PORT' => '42058'
    'GATEWAY_INTERFACE' => 'CGI/1.1'
    'SERVER_PROTOCOL' => 'HTTP/1.1'
    'REQUEST_METHOD' => 'GET'
    'QUERY_STRING' => ''
    'REQUEST_URI' => '/GestionStock/frontend/web/index.php'
    'SCRIPT_NAME' => '/GestionStock/frontend/web/index.php'
    'PHP_SELF' => '/GestionStock/frontend/web/index.php'
    'REQUEST_TIME_FLOAT' => 1514482741.444
    'REQUEST_TIME' => 1514482741
]
